<?xml version="1.0" encoding="UTF-8"?>
<!-- Generated by org.testng.reporters.JUnitReportReporter -->
<testsuite hostname="LAPTOP-RQ5ADVUS" failures="0" tests="3" name="seleniumBankingOperations.testCases" time="12.894" errors="0" timestamp="2024-02-16T05:25:09 EET" skipped="0">
  <testcase classname="seleniumBankingOperations.testCases" name="openAccount" time="4.956"/>
  <system-out/>
  <testcase classname="seleniumBankingOperations.testCases" name="loginAndAddCustomer" time="5.715"/>
  <system-out/>
  <testcase classname="seleniumBankingOperations.testCases" name="removeTheCustomer" time="2.223"/>
  <system-out/>
</testsuite> <!-- seleniumBankingOperations.testCases -->
